-------------------------------------------------------------------------------
Test set: LearningSerenity.features.search.CalculatorStory
-------------------------------------------------------------------------------
Tests run: 5, Failures: 1, Errors: 0, Skipped: 1, Time elapsed: 21.027 s <<< FAILURE! - in LearningSerenity.features.search.CalculatorStory
show_result_of_additional_between_any_two_numbers(LearningSerenity.features.search.CalculatorStory)  Time elapsed: 3.703 s  <<< FAILURE!
java.lang.AssertionError: 

Expected: a string ending with "10"
     but: was "=100"
	at LearningSerenity.features.search.CalculatorStory.show_result_of_additional_between_any_two_numbers(CalculatorStory.java:42)

